Determining if the pthread_create exist failed with the following output:
Change Dir: /root/Reader/BRPC/workroot/userService/out/CMakeFiles/CMakeTmp

Run Build Command:/usr/bin/gmake "cmTryCompileExec2151547488/fast"
/usr/bin/gmake -f CMakeFiles/cmTryCompileExec2151547488.dir/build.make CMakeFiles/cmTryCompileExec2151547488.dir/build
gmake[1]: 进入目录“/root/Reader/BRPC/workroot/userService/out/CMakeFiles/CMakeTmp”
/usr/local/bin/cmake -E cmake_progress_report /root/Reader/BRPC/workroot/userService/out/CMakeFiles/CMakeTmp/CMakeFiles 1
Building C object CMakeFiles/cmTryCompileExec2151547488.dir/CheckSymbolExists.c.o
/usr/bin/cc    -o CMakeFiles/cmTryCompileExec2151547488.dir/CheckSymbolExists.c.o   -c /root/Reader/BRPC/workroot/userService/out/CMakeFiles/CMakeTmp/CheckSymbolExists.c
Linking C executable cmTryCompileExec2151547488
/usr/local/bin/cmake -E cmake_link_script CMakeFiles/cmTryCompileExec2151547488.dir/link.txt --verbose=1
/usr/bin/cc         CMakeFiles/cmTryCompileExec2151547488.dir/CheckSymbolExists.c.o  -o cmTryCompileExec2151547488 -rdynamic 
CMakeFiles/cmTryCompileExec2151547488.dir/CheckSymbolExists.c.o：在函数‘main’中：
CheckSymbolExists.c:(.text+0x16)：对‘pthread_create’未定义的引用
collect2: 错误：ld 返回 1
gmake[1]: 离开目录“/root/Reader/BRPC/workroot/userService/out/CMakeFiles/CMakeTmp”
gmake[1]: *** [CMakeFiles/cmTryCompileExec2151547488.dir/build.make:89：cmTryCompileExec2151547488] 错误 1
gmake: *** [Makefile:114：cmTryCompileExec2151547488/fast] 错误 2

File /root/Reader/BRPC/workroot/userService/out/CMakeFiles/CMakeTmp/CheckSymbolExists.c:
/* */
#include <pthread.h>

int main(int argc, char** argv)
{
  (void)argv;
#ifndef pthread_create
  return ((int*)(&pthread_create))[argc];
#else
  (void)argc;
  return 0;
#endif
}

Determining if the function pthread_create exists in the pthreads failed with the following output:
Change Dir: /root/Reader/BRPC/workroot/userService/out/CMakeFiles/CMakeTmp

Run Build Command:/usr/bin/gmake "cmTryCompileExec4241163645/fast"
/usr/bin/gmake -f CMakeFiles/cmTryCompileExec4241163645.dir/build.make CMakeFiles/cmTryCompileExec4241163645.dir/build
gmake[1]: 进入目录“/root/Reader/BRPC/workroot/userService/out/CMakeFiles/CMakeTmp”
/usr/local/bin/cmake -E cmake_progress_report /root/Reader/BRPC/workroot/userService/out/CMakeFiles/CMakeTmp/CMakeFiles 1
Building C object CMakeFiles/cmTryCompileExec4241163645.dir/CheckFunctionExists.c.o
/usr/bin/cc   -DCHECK_FUNCTION_EXISTS=pthread_create   -o CMakeFiles/cmTryCompileExec4241163645.dir/CheckFunctionExists.c.o   -c /usr/local/share/cmake-2.8/Modules/CheckFunctionExists.c
Linking C executable cmTryCompileExec4241163645
/usr/local/bin/cmake -E cmake_link_script CMakeFiles/cmTryCompileExec4241163645.dir/link.txt --verbose=1
/usr/bin/cc     -DCHECK_FUNCTION_EXISTS=pthread_create    CMakeFiles/cmTryCompileExec4241163645.dir/CheckFunctionExists.c.o  -o cmTryCompileExec4241163645 -rdynamic -lpthreads 
/usr/bin/ld: 找不到 -lpthreads
collect2: 错误：ld 返回 1
gmake[1]: 离开目录“/root/Reader/BRPC/workroot/userService/out/CMakeFiles/CMakeTmp”
gmake[1]: *** [CMakeFiles/cmTryCompileExec4241163645.dir/build.make:89：cmTryCompileExec4241163645] 错误 1
gmake: *** [Makefile:114：cmTryCompileExec4241163645/fast] 错误 2


